<?xml version="1.0" encoding="UTF-8"?>
<testsuite name="com.nisum.blog.model.testmodel" tests="1" skipped="0" failures="0" errors="0" timestamp="2016-08-05T15:17:16" hostname="Juans-MacBook-Pro.local" time="0.0">
  <properties/>
  <testcase name="checkInstance" classname="com.nisum.blog.model.testmodel" time="0.0"/>
  <system-out><![CDATA[]]></system-out>
  <system-err><![CDATA[]]></system-err>
</testsuite>
