<?xml version="1.0" encoding="UTF-8"?>
<testsuite name="com.nisum.blog.model.NewsTest" tests="1" skipped="0" failures="0" errors="0" timestamp="2016-08-05T15:17:16" hostname="Juans-MacBook-Pro.local" time="0.002">
  <properties/>
  <testcase name="checkInstance" classname="com.nisum.blog.model.NewsTest" time="0.002"/>
  <system-out><![CDATA[]]></system-out>
  <system-err><![CDATA[]]></system-err>
</testsuite>
